<?xml version="1.0" encoding="UTF-8"?>
<testng-results skipped="0" failed="0" ignored="0" total="1" passed="1">
  <reporter-output>
  </reporter-output>
  <suite name="Default suite" duration-ms="31" started-at="2017-09-28T06:09:06Z" finished-at="2017-09-28T06:09:06Z">
    <groups>
    </groups>
    <test name="Default test" duration-ms="31" started-at="2017-09-28T06:09:06Z" finished-at="2017-09-28T06:09:06Z">
      <class name="Test.Login.LoginTest">
        <test-method status="PASS" signature="beforeSuite()[pri:0, instance:Test.Login.LoginTest@3bfdc050]" name="beforeSuite" is-config="true" duration-ms="7" started-at="2017-09-28T11:39:06Z" finished-at="2017-09-28T11:39:06Z">
          <reporter-output>
          </reporter-output>
        </test-method> <!-- beforeSuite -->
        <test-method status="PASS" signature="beforeTest()[pri:0, instance:Test.Login.LoginTest@3bfdc050]" name="beforeTest" is-config="true" duration-ms="0" started-at="2017-09-28T11:39:06Z" finished-at="2017-09-28T11:39:06Z">
          <reporter-output>
          </reporter-output>
        </test-method> <!-- beforeTest -->
        <test-method status="PASS" signature="test1()[pri:0, instance:Test.Login.LoginTest@3bfdc050]" name="test1" duration-ms="9" started-at="2017-09-28T11:39:06Z" finished-at="2017-09-28T11:39:06Z">
          <reporter-output>
          </reporter-output>
        </test-method> <!-- test1 -->
        <test-method status="PASS" signature="beforeMethod()[pri:0, instance:Test.Login.LoginTest@3bfdc050]" name="beforeMethod" is-config="true" duration-ms="0" started-at="2017-09-28T11:39:06Z" finished-at="2017-09-28T11:39:06Z">
          <reporter-output>
          </reporter-output>
        </test-method> <!-- beforeMethod -->
        <test-method status="PASS" signature="afterMethod()[pri:0, instance:Test.Login.LoginTest@3bfdc050]" name="afterMethod" is-config="true" duration-ms="3" started-at="2017-09-28T11:39:06Z" finished-at="2017-09-28T11:39:06Z">
          <reporter-output>
          </reporter-output>
        </test-method> <!-- afterMethod -->
        <test-method status="PASS" signature="afterTest()[pri:0, instance:Test.Login.LoginTest@3bfdc050]" name="afterTest" is-config="true" duration-ms="0" started-at="2017-09-28T11:39:06Z" finished-at="2017-09-28T11:39:06Z">
          <reporter-output>
          </reporter-output>
        </test-method> <!-- afterTest -->
        <test-method status="PASS" signature="afterSuite()[pri:0, instance:Test.Login.LoginTest@3bfdc050]" name="afterSuite" is-config="true" duration-ms="1" started-at="2017-09-28T11:39:06Z" finished-at="2017-09-28T11:39:06Z">
          <reporter-output>
          </reporter-output>
        </test-method> <!-- afterSuite -->
      </class> <!-- Test.Login.LoginTest -->
    </test> <!-- Default test -->
  </suite> <!-- Default suite -->
</testng-results>
